[25-Oct-2020 09:30:53 UTC] 家族を構成します
[25-Oct-2020 09:31:01 UTC] 家族を構成します
[25-Oct-2020 09:31:01 UTC] POSTされました
[25-Oct-2020 09:31:01 UTC] 選択されていません
[25-Oct-2020 09:31:01 UTC] モンスターを生成します
[25-Oct-2020 09:31:01 UTC] モンスターの作成に成功
[25-Oct-2020 09:31:01 UTC] 作成したモンスター： Array
(
    [0] => Monster Object
        (
            [name:protected] => カンガルー
            [hp:protected] => 550
            [skills:protected] => Array
                (
                    [0] => Array
                        (
                            [name] => ボコ殴り
                            [damage] => 105
                            [prob] => 85
                        )

                    [1] => Array
                        (
                            [name] => アッパー
                            [damage] => 155
                            [prob] => 80
                        )

                    [2] => Array
                        (
                            [name] => 右ストレート
                            [damage] => 110
                            [prob] => 100
                        )

                )

            [img:protected] => img/noimage.png
        )

    [1] => Monster Object
        (
            [name:protected] => ライオン
            [hp:protected] => 600
            [skills:protected] => Array
                (
                    [0] => Array
                        (
                            [name] => 威嚇
                            [damage] => 5
                            [prob] => 100
                        )

                    [1] => Array
                        (
                            [name] => 噛みつく
                            [damage] => 130
                            [prob] => 80
                        )

                    [2] => Array
                        (
                            [name] => 噛みこ○す
                            [damage] => 200
                            [prob] => 75
                        )

                )

            [img:protected] => img/noimage.png
        )

    [2] => Monster Object
        (
            [name:protected] => サメ
            [hp:protected] => 400
            [skills:protected] => Array
                (
                    [0] => Array
                        (
                            [name] => 食いちぎる
                            [damage] => 190
                            [prob] => 65
                        )

                    [1] => Array
                        (
                            [name] => 尻尾アタック
                            [damage] => 87
                            [prob] => 90
                        )

                    [2] => Array
                        (
                            [name] => とっしん
                            [damage] => 60
                            [prob] => 95
                        )

                )

            [img:protected] => img/noimage.png
        )

)

[25-Oct-2020 09:31:01 UTC] カンガルーがあらわれた！
[25-Oct-2020 09:31:01 UTC] 戦闘画面に遷移します
[25-Oct-2020 09:31:04 UTC] 選択された技： Array
(
    [name] => 靴下を投げる
    [damage] => 70
    [prob] => 90
)

[25-Oct-2020 09:31:04 UTC] 父の靴下を投げる!
[25-Oct-2020 09:31:04 UTC] 急所にあたった！
[25-Oct-2020 09:31:04 UTC] カンガルーは105ダメージを受けた！
[25-Oct-2020 09:31:04 UTC] カンガルーのアッパー!
[25-Oct-2020 09:31:04 UTC] 父は155ダメージを受けた！
[25-Oct-2020 09:31:07 UTC] 選択された技： Array
(
    [name] => ドロップキック
    [damage] => 110
    [prob] => 70
)

[25-Oct-2020 09:31:07 UTC] 父のドロップキック!
[25-Oct-2020 09:31:07 UTC] 技が外れた
[25-Oct-2020 09:31:07 UTC] しかし技が外れた！
[25-Oct-2020 09:31:07 UTC] カンガルーのアッパー!
[25-Oct-2020 09:31:07 UTC] 父は155ダメージを受けた！
[25-Oct-2020 09:31:10 UTC] 選択された技： Array
(
    [name] => ぶん殴る
    [damage] => 150
    [prob] => 60
)

[25-Oct-2020 09:31:10 UTC] 父のぶん殴る!
[25-Oct-2020 09:31:10 UTC] カンガルーは150ダメージを受けた！
[25-Oct-2020 09:31:10 UTC] カンガルーのアッパー!
[25-Oct-2020 09:31:10 UTC] 父は155ダメージを受けた！
[25-Oct-2020 09:31:13 UTC] 選択された技： Array
(
    [name] => 一撃必殺
    [damage] => 100000000
    [prob] => 10
)

[25-Oct-2020 09:31:13 UTC] 父の一撃必殺!
[25-Oct-2020 09:31:13 UTC] 技が外れた
[25-Oct-2020 09:31:13 UTC] しかし技が外れた！
[25-Oct-2020 09:31:13 UTC] カンガルーのアッパー!
[25-Oct-2020 09:31:13 UTC] 父は155ダメージを受けた！
[25-Oct-2020 09:31:13 UTC] 父は倒れた!
[25-Oct-2020 09:31:14 UTC] POSTされました
[25-Oct-2020 09:31:17 UTC] 選択された技： Array
(
    [name] => ラケットで殴る
    [damage] => 100
    [prob] => 75
)

[25-Oct-2020 09:31:17 UTC] 弟のラケットで殴る!
[25-Oct-2020 09:31:17 UTC] カンガルーは100ダメージを受けた！
[25-Oct-2020 09:31:17 UTC] カンガルーのアッパー!
[25-Oct-2020 09:31:17 UTC] 弟は155ダメージを受けた！
[25-Oct-2020 09:31:20 UTC] 選択された技： Array
(
    [name] => とっしん
    [damage] => 80
    [prob] => 90
)

[25-Oct-2020 09:31:20 UTC] 弟のとっしん!
[25-Oct-2020 09:31:20 UTC] カンガルーは80ダメージを受けた！
[25-Oct-2020 09:31:20 UTC] カンガルーの右ストレート!
[25-Oct-2020 09:31:20 UTC] 弟は110ダメージを受けた！
[25-Oct-2020 09:31:23 UTC] 選択された技： Array
(
    [name] => とっしん
    [damage] => 80
    [prob] => 90
)

[25-Oct-2020 09:31:23 UTC] 弟のとっしん!
[25-Oct-2020 09:31:23 UTC] カンガルーは80ダメージを受けた！
[25-Oct-2020 09:31:23 UTC] カンガルーの右ストレート!
[25-Oct-2020 09:31:23 UTC] 弟は110ダメージを受けた！
[25-Oct-2020 09:31:28 UTC] 選択された技： Array
(
    [name] => ボールを投げる
    [damage] => 150
    [prob] => 80
)

[25-Oct-2020 09:31:28 UTC] 弟のボールを投げる!
[25-Oct-2020 09:31:28 UTC] 技が外れた
[25-Oct-2020 09:31:28 UTC] しかし技が外れた！
[25-Oct-2020 09:31:28 UTC] カンガルーの右ストレート!
[25-Oct-2020 09:31:28 UTC] 弟は110ダメージを受けた！
[25-Oct-2020 09:31:28 UTC] 弟は倒れた!
[25-Oct-2020 09:31:30 UTC] POSTされました
[25-Oct-2020 09:31:35 UTC] 選択された技： Array
(
    [name] => 叩く
    [damage] => 90
    [prob] => 95
)

[25-Oct-2020 09:31:35 UTC] 兄の叩く!
[25-Oct-2020 09:31:35 UTC] カンガルーは90ダメージを受けた！
[25-Oct-2020 09:31:35 UTC] 敵のHPがゼロになった
[25-Oct-2020 09:31:35 UTC] カンガルーを倒した！
[25-Oct-2020 09:31:35 UTC] ライオンがあらわれた！
[25-Oct-2020 09:31:38 UTC] 選択された技： Array
(
    [name] => 蹴る
    [damage] => 120
    [prob] => 85
)

[25-Oct-2020 09:31:38 UTC] 兄の蹴る!
[25-Oct-2020 09:31:38 UTC] ライオンは120ダメージを受けた！
[25-Oct-2020 09:31:38 UTC] ライオンの噛みつく!
[25-Oct-2020 09:31:38 UTC] 兄は130ダメージを受けた！
[25-Oct-2020 09:31:44 UTC] 選択された技： Array
(
    [name] => バットで殴る
    [damage] => 150
    [prob] => 70
)

[25-Oct-2020 09:31:44 UTC] 兄のバットで殴る!
[25-Oct-2020 09:31:44 UTC] ライオンは150ダメージを受けた！
[25-Oct-2020 09:31:44 UTC] ライオンの噛みつく!
[25-Oct-2020 09:31:44 UTC] 兄は130ダメージを受けた！
[25-Oct-2020 09:31:47 UTC] 選択された技： Array
(
    [name] => 蹴る
    [damage] => 120
    [prob] => 85
)

[25-Oct-2020 09:31:47 UTC] 兄の蹴る!
[25-Oct-2020 09:31:47 UTC] ライオンは120ダメージを受けた！
[25-Oct-2020 09:31:47 UTC] ライオンの威嚇!
[25-Oct-2020 09:31:47 UTC] 兄は5ダメージを受けた！
[25-Oct-2020 09:31:49 UTC] 選択された技： Array
(
    [name] => バットで殴る
    [damage] => 150
    [prob] => 70
)

[25-Oct-2020 09:31:49 UTC] 兄のバットで殴る!
[25-Oct-2020 09:31:49 UTC] 技が外れた
[25-Oct-2020 09:31:49 UTC] しかし技が外れた！
[25-Oct-2020 09:31:49 UTC] ライオンの噛みつく!
[25-Oct-2020 09:31:49 UTC] 技が外れた
[25-Oct-2020 09:31:49 UTC] しかし技が外れた！
[25-Oct-2020 09:31:52 UTC] 選択された技： Array
(
    [name] => 蹴る
    [damage] => 120
    [prob] => 85
)

[25-Oct-2020 09:31:52 UTC] 兄の蹴る!
[25-Oct-2020 09:31:52 UTC] 急所にあたった！
[25-Oct-2020 09:31:52 UTC] ライオンは180ダメージを受けた！
[25-Oct-2020 09:31:52 UTC] ライオンの噛みこ○す!
[25-Oct-2020 09:31:52 UTC] 技が外れた
[25-Oct-2020 09:31:52 UTC] しかし技が外れた！
[25-Oct-2020 09:31:54 UTC] 選択された技： Array
(
    [name] => バットで殴る
    [damage] => 150
    [prob] => 70
)

[25-Oct-2020 09:31:54 UTC] 兄のバットで殴る!
[25-Oct-2020 09:31:54 UTC] 技が外れた
[25-Oct-2020 09:31:54 UTC] しかし技が外れた！
[25-Oct-2020 09:31:54 UTC] ライオンの噛みつく!
[25-Oct-2020 09:31:54 UTC] 兄は130ダメージを受けた！
[25-Oct-2020 09:31:57 UTC] 選択された技： Array
(
    [name] => バットで殴る
    [damage] => 150
    [prob] => 70
)

[25-Oct-2020 09:31:57 UTC] 兄のバットで殴る!
[25-Oct-2020 09:31:57 UTC] ライオンは150ダメージを受けた！
[25-Oct-2020 09:31:57 UTC] 敵のHPがゼロになった
[25-Oct-2020 09:31:57 UTC] ライオンを倒した！
[25-Oct-2020 09:31:57 UTC] サメがあらわれた！
[25-Oct-2020 09:31:59 UTC] 選択された技： Array
(
    [name] => バットで殴る
    [damage] => 150
    [prob] => 70
)

[25-Oct-2020 09:31:59 UTC] 兄のバットで殴る!
[25-Oct-2020 09:31:59 UTC] サメは150ダメージを受けた！
[25-Oct-2020 09:31:59 UTC] サメのとっしん!
[25-Oct-2020 09:31:59 UTC] 兄は60ダメージを受けた！
[25-Oct-2020 09:32:02 UTC] 選択された技： Array
(
    [name] => バットで殴る
    [damage] => 150
    [prob] => 70
)

[25-Oct-2020 09:32:02 UTC] 兄のバットで殴る!
[25-Oct-2020 09:32:02 UTC] サメは150ダメージを受けた！
[25-Oct-2020 09:32:02 UTC] サメのとっしん!
[25-Oct-2020 09:32:02 UTC] 兄は60ダメージを受けた！
[25-Oct-2020 09:32:02 UTC] 兄は倒れた!
[25-Oct-2020 09:32:02 UTC] 敵の数が０になりました
[25-Oct-2020 09:32:08 UTC] スタートボタンが押されました
[25-Oct-2020 09:32:08 UTC] 家族を構成します
[25-Oct-2020 09:32:51 UTC] 家族を構成します
[25-Oct-2020 09:32:51 UTC] POSTされました
[25-Oct-2020 09:32:51 UTC] 選択されていません
[25-Oct-2020 09:32:51 UTC] モンスターを生成します
[25-Oct-2020 09:32:51 UTC] モンスターの作成に成功
[25-Oct-2020 09:32:51 UTC] 作成したモンスター： Array
(
    [0] => Monster Object
        (
            [name:protected] => カンガルー
            [hp:protected] => 550
            [skills:protected] => Array
                (
                    [0] => Array
                        (
                            [name] => ボコ殴り
                            [damage] => 105
                            [prob] => 85
                        )

                    [1] => Array
                        (
                            [name] => アッパー
                            [damage] => 155
                            [prob] => 80
                        )

                    [2] => Array
                        (
                            [name] => 右ストレート
                            [damage] => 110
                            [prob] => 100
                        )

                )

            [img:protected] => img/noimage.png
        )

    [1] => Monster Object
        (
            [name:protected] => ゾウ
            [hp:protected] => 800
            [skills:protected] => Array
                (
                    [0] => Array
                        (
                            [name] => 踏みつける
                            [damage] => 150
                            [prob] => 80
                        )

                    [1] => Array
                        (
                            [name] => 鼻でしばく
                            [damage] => 120
                            [prob] => 90
                        )

                    [2] => Array
                        (
                            [name] => 舐める
                            [damage] => 50
                            [prob] => 100
                        )

                )

            [img:protected] => img/noimage.png
        )

    [2] => Monster Object
        (
            [name:protected] => ヘビ
            [hp:protected] => 450
            [skills:protected] => Array
                (
                    [0] => Array
                        (
                            [name] => しめつける
                            [damage] => 95
                            [prob] => 90
                        )

                    [1] => Array
                        (
                            [name] => 噛みつく
                            [damage] => 130
                            [prob] => 85
                        )

                    [2] => Array
                        (
                            [name] => 毒のキバ
                            [damage] => 180
                            [prob] => 75
                        )

                )

            [img:protected] => img/noimage.png
        )

)

[25-Oct-2020 09:32:51 UTC] カンガルーがあらわれた！
[25-Oct-2020 09:32:51 UTC] 戦闘画面に遷移します
